<html xmlns:math="http://exslt.org/math" xmlns:testng="http://testng.org">
   <head>
      <title>TestNG Results</title>
      <meta http-equiv="content-type" content="text/html; charset=utf-8"></meta>
      <meta http-equiv="pragma" content="no-cache"></meta>
      <meta http-equiv="cache-control" content="max-age=0"></meta>
      <meta http-equiv="cache-control" content="no-cache"></meta>
      <meta http-equiv="cache-control" content="no-store"></meta>
      <LINK rel="stylesheet" href="style.css"></LINK>
      <script type="text/javascript" src="main.js"></script>
   </head>
   <body>
      <table width="100%" style="font-size: 16px; margin-bottom: 10px;" cellspacing="1">
         <tr>
            <td width="100%">
               Test case
               
               <b>firefoxTest</b>
            </td>
            <td style="background-color: #FFBBBB; padding: 3px 3px 3px 0;" align="center">
               <div style="width: 50px;">1</div>
            </td>
            <td style="background-color: lightgreen; padding: 3px 3px 3px 0;" align="center">
               <div style="width: 50px;">3</div>
            </td>
            <td style="background-color: #FFFFBB; padding: 3px 3px 3px 0;" align="center">
               <div style="width: 50px;">1</div>
            </td>
            <td align="center" style="background-color: #eaf0f7; padding: 3px 3px 3px 0;">
               <div style="width: 50px;">5</div>
            </td>
            <td align="center"
                style="font-weight: bold; background-color: #eaf0f7; padding: 3px 3px 3px 0;">
               <div style="width: 50px;">60%</div>
            </td>
            <td style="background-color: #eaf0f7; padding: 3px 3px 3px 0;" align="center"
                nowrap="true">54s
               
            </td>
         </tr>
      </table>
      <div style="width: 200px;">
         <label for="groupMethodsCheckBox" style="font-weight: bold; margin: 0;">
            <input id="groupMethodsCheckBox" type="checkbox" onclick="switchTestMethodsView(this)"
                   checked=""></input>
            Group by class
            
         </label>
         <br></br>
         <label for="methodsFilter_ALL" style="font-weight: bold; margin: 0;">
            <input id="methodsFilter_ALL" type="checkbox"
                   onclick="testMethodsFilterChanged(this, 'ALL')"
                   checked=""></input>
            All
            
         </label>
      </div>
      <label for="methodsFilter_FAIL" style="margin-left: 20px;">
         <input id="methodsFilter_FAIL" type="checkbox"
                onclick="testMethodsFilterChanged(this, 'FAIL')"
                checked=""></input>
         Failed
         
      </label>
      <label for="methodsFilter_PASS">
         <input id="methodsFilter_PASS" type="checkbox"
                onclick="testMethodsFilterChanged(this, 'PASS')"
                checked=""></input>
         Passed
         
      </label>
      <label for="methodsFilter_SKIP">
         <input id="methodsFilter_SKIP" type="checkbox"
                onclick="testMethodsFilterChanged(this, 'SKIP')"
                checked=""></input>
         Skipped
         
      </label>
      <label for="methodsFilter_CONF">
         <input id="methodsFilter_CONF" type="checkbox"
                onclick="testMethodsFilterChanged(this, 'CONF')"
                checked=""></input>
         Config
         
      </label>
      <br></br>
      <div id="testMethodsByStatus" style="display: none;">
         <table class="testMethodsTable" cellpadding="0" cellspacing="0">
            <tr class="methodsTableHeader">
               <td width="100%">Name</td>
               <td nowrap="true">Started</td>
               <td nowrap="true">Duration</td>
               <td>Exception</td>
            </tr>
            <tr id="testcases.executeTestThroughTestNg_testFail_byStatus_failed_FAIL1_row"
                class="testMethodStatusFAIL">
               <td width="100%" class="firstMethodCell">
                  <a onclick="toggleDetailsVisibility('testcases.executeTestThroughTestNg_testFail_byStatus_failed_FAIL1_details')">testFail()</a>
               </td>
               <td nowrap="true">06:42:13</td>
               <td nowrap="true" align="right">0 ms
                  
               </td>
               <td nowrap="true">
                  <a onclick="toggleDetailsVisibility('testcases.executeTestThroughTestNg_testFail_byStatus_failed_FAIL1_exception')">java.lang.AssertionError: </a>
                   
                  
               </td>
            </tr>
            <tr>
               <td colspan="4" class="detailsBox">
                  <div id="testcases.executeTestThroughTestNg_testFail_byStatus_failed_FAIL1_details"
                       class="testMethodDetails">
                     <div>
                        <b>Name: </b>testFail
                     </div>
                     <div>
                        <b>Signature: </b>testFail()[pri:3, instance:testcases.executeTestThroughTestNg@5702b3b1]
                     </div>
                     <div>
                        <b>Start time: </b>06:42:13
                     </div>
                     <div>
                        <b>End time: </b>06:42:13
                     </div>
                     <div>
                        <b>Duration: </b>0 ms
                        
                     </div>
                  </div>
               </td>
            </tr>
            <tr>
               <td colspan="4" class="detailsBox">
                  <div id="testcases.executeTestThroughTestNg_testFail_byStatus_failed_FAIL1_exception"
                       class="testMethodDetails">
                     <pre style="padding: 5px; margin: 0;">java.lang.AssertionError
                        at org.junit.Assert.fail(Assert.java:86)
                        at org.junit.Assert.assertTrue(Assert.java:41)
                        at org.junit.Assert.assertTrue(Assert.java:52)
                        at testcases.executeTestThroughTestNg.testFail(Unknown Source)
                        at sun.reflect.NativeMethodAccessorImpl.invoke0(Native Method)
                        at sun.reflect.NativeMethodAccessorImpl.invoke(Unknown Source)
                        at sun.reflect.DelegatingMethodAccessorImpl.invoke(Unknown Source)
                        at java.lang.reflect.Method.invoke(Unknown Source)
                        at org.testng.internal.MethodInvocationHelper.invokeMethod(MethodInvocationHelper.java:124)
                        at org.testng.internal.Invoker.invokeMethod(Invoker.java:580)
                        at org.testng.internal.Invoker.invokeTestMethod(Invoker.java:716)
                        at org.testng.internal.Invoker.invokeTestMethods(Invoker.java:988)
                        at org.testng.internal.TestMethodWorker.invokeTestMethods(TestMethodWorker.java:125)
                        at org.testng.internal.TestMethodWorker.run(TestMethodWorker.java:109)
                        at org.testng.TestRunner.privateRun(TestRunner.java:648)
                        at org.testng.TestRunner.run(TestRunner.java:505)
                        at org.testng.SuiteRunner.runTest(SuiteRunner.java:455)
                        at org.testng.SuiteRunner.runSequentially(SuiteRunner.java:450)
                        at org.testng.SuiteRunner.privateRun(SuiteRunner.java:415)
                        at org.testng.SuiteRunner.run(SuiteRunner.java:364)
                        at org.testng.SuiteRunnerWorker.runSuite(SuiteRunnerWorker.java:52)
                        at org.testng.SuiteRunnerWorker.run(SuiteRunnerWorker.java:84)
                        at org.testng.TestNG.runSuitesSequentially(TestNG.java:1208)
                        at org.testng.TestNG.runSuitesLocally(TestNG.java:1137)
                        at org.testng.TestNG.runSuites(TestNG.java:1049)
                        at org.testng.TestNG.run(TestNG.java:1017)
                        at org.testng.TestNG.privateMain(TestNG.java:1354)
                        at org.testng.TestNG.main(TestNG.java:1323)
                     </pre>
                  </div>
               </td>
            </tr>
            <tr id="testcases.executeTestThroughTestNg_setUP_byStatus_passed_PASS1_row"
                class="testMethodStatusPASS testMethodStatusCONF">
               <td width="100%" class="firstMethodCell">
                  <a onclick="toggleDetailsVisibility('testcases.executeTestThroughTestNg_setUP_byStatus_passed_PASS1_details')">setUP(firefox)</a>
               </td>
               <td nowrap="true">06:41:18</td>
               <td nowrap="true" align="right">31s
                  
               </td>
               <td nowrap="true">
                   
                  
               </td>
            </tr>
            <tr>
               <td colspan="4" class="detailsBox">
                  <div id="testcases.executeTestThroughTestNg_setUP_byStatus_passed_PASS1_details"
                       class="testMethodDetails">
                     <div>
                        <b>Name: </b>setUP
                     </div>
                     <div>
                        <b>Signature: </b>setUP(java.lang.String)[pri:0, instance:testcases.executeTestThroughTestNg@5702b3b1]
                     </div>
                     <div>
                        <b>Parameters: </b>
                        
                        firefox
                        
                        
                     </div>
                     <div>
                        <b>Start time: </b>06:41:18
                     </div>
                     <div>
                        <b>End time: </b>06:41:50
                     </div>
                     <div>
                        <b>Duration: </b>31s
                        
                     </div>
                  </div>
               </td>
            </tr>
            <tr></tr>
            <tr id="testcases.executeTestThroughTestNg_testInvokeApplication_byStatus_passed_PASS2_row"
                class="testMethodStatusPASS">
               <td width="100%" class="firstMethodCell">
                  <a onclick="toggleDetailsVisibility('testcases.executeTestThroughTestNg_testInvokeApplication_byStatus_passed_PASS2_details')">testInvokeApplication()</a>
               </td>
               <td nowrap="true">06:41:50</td>
               <td nowrap="true" align="right">4s
                  
               </td>
               <td nowrap="true">
                   
                  
               </td>
            </tr>
            <tr>
               <td colspan="4" class="detailsBox">
                  <div id="testcases.executeTestThroughTestNg_testInvokeApplication_byStatus_passed_PASS2_details"
                       class="testMethodDetails">
                     <div>
                        <b>Name: </b>testInvokeApplication
                     </div>
                     <div>
                        <b>Signature: </b>testInvokeApplication()[pri:0, instance:testcases.executeTestThroughTestNg@5702b3b1]
                     </div>
                     <div>
                        <b>Start time: </b>06:41:50
                     </div>
                     <div>
                        <b>End time: </b>06:41:54
                     </div>
                     <div>
                        <b>Duration: </b>4s
                        
                     </div>
                  </div>
               </td>
            </tr>
            <tr></tr>
            <tr id="testcases.executeTestThroughTestNg_startTestCase_byStatus_passed_PASS3_row"
                class="testMethodStatusPASS testMethodStatusCONF">
               <td width="100%" class="firstMethodCell">
                  <a onclick="toggleDetailsVisibility('testcases.executeTestThroughTestNg_startTestCase_byStatus_passed_PASS3_details')">startTestCase(public void testcases.executeTestThroughTestNg.testInvokeApplication() throws java.io.IOException)</a>
               </td>
               <td nowrap="true">06:41:50</td>
               <td nowrap="true" align="right">0 ms
                  
               </td>
               <td nowrap="true">
                   
                  
               </td>
            </tr>
            <tr>
               <td colspan="4" class="detailsBox">
                  <div id="testcases.executeTestThroughTestNg_startTestCase_byStatus_passed_PASS3_details"
                       class="testMethodDetails">
                     <div>
                        <b>Name: </b>startTestCase
                     </div>
                     <div>
                        <b>Signature: </b>startTestCase(java.lang.reflect.Method)[pri:0, instance:testcases.executeTestThroughTestNg@5702b3b1]
                     </div>
                     <div>
                        <b>Parameters: </b>
                        
                        public void testcases.executeTestThroughTestNg.testInvokeApplication() throws java.io.IOException
                        
                        
                     </div>
                     <div>
                        <b>Start time: </b>06:41:50
                     </div>
                     <div>
                        <b>End time: </b>06:41:50
                     </div>
                     <div>
                        <b>Duration: </b>0 ms
                        
                     </div>
                  </div>
               </td>
            </tr>
            <tr></tr>
            <tr id="testcases.executeTestThroughTestNg_generateReport_byStatus_passed_PASS4_row"
                class="testMethodStatusPASS testMethodStatusCONF">
               <td width="100%" class="firstMethodCell">
                  <a onclick="toggleDetailsVisibility('testcases.executeTestThroughTestNg_generateReport_byStatus_passed_PASS4_details')">generateReport([TestResult name=testInvokeApplication status=SUCCESS method=executeTestThroughTestNg.testInvokeApplication()[pri:0,
                     instance:testcases.executeTestThroughTestNg@5702b3b1] output={null}])
                  </a>
               </td>
               <td nowrap="true">06:41:54</td>
               <td nowrap="true" align="right">363 ms
                  
               </td>
               <td nowrap="true">
                   
                  
               </td>
            </tr>
            <tr>
               <td colspan="4" class="detailsBox">
                  <div id="testcases.executeTestThroughTestNg_generateReport_byStatus_passed_PASS4_details"
                       class="testMethodDetails">
                     <div>
                        <b>Name: </b>generateReport
                     </div>
                     <div>
                        <b>Signature: </b>generateReport(org.testng.ITestResult)[pri:0, instance:testcases.executeTestThroughTestNg@5702b3b1]
                     </div>
                     <div>
                        <b>Parameters: </b>
                        
                        [TestResult name=testInvokeApplication status=SUCCESS method=executeTestThroughTestNg.testInvokeApplication()[pri:0, instance:testcases.executeTestThroughTestNg@5702b3b1]
                        output={null}]
                        
                        
                     </div>
                     <div>
                        <b>Start time: </b>06:41:54
                     </div>
                     <div>
                        <b>End time: </b>06:41:55
                     </div>
                     <div>
                        <b>Duration: </b>363 ms
                        
                     </div>
                  </div>
               </td>
            </tr>
            <tr></tr>
            <tr id="testcases.executeTestThroughTestNg_startTestCase_byStatus_passed_PASS5_row"
                class="testMethodStatusPASS testMethodStatusCONF">
               <td width="100%" class="firstMethodCell">
                  <a onclick="toggleDetailsVisibility('testcases.executeTestThroughTestNg_startTestCase_byStatus_passed_PASS5_details')">startTestCase(public void testcases.executeTestThroughTestNg.testLogin() throws java.io.IOException)</a>
               </td>
               <td nowrap="true">06:41:55</td>
               <td nowrap="true" align="right">1 ms
                  
               </td>
               <td nowrap="true">
                   
                  
               </td>
            </tr>
            <tr>
               <td colspan="4" class="detailsBox">
                  <div id="testcases.executeTestThroughTestNg_startTestCase_byStatus_passed_PASS5_details"
                       class="testMethodDetails">
                     <div>
                        <b>Name: </b>startTestCase
                     </div>
                     <div>
                        <b>Signature: </b>startTestCase(java.lang.reflect.Method)[pri:0, instance:testcases.executeTestThroughTestNg@5702b3b1]
                     </div>
                     <div>
                        <b>Parameters: </b>
                        
                        public void testcases.executeTestThroughTestNg.testLogin() throws java.io.IOException
                        
                        
                     </div>
                     <div>
                        <b>Start time: </b>06:41:55
                     </div>
                     <div>
                        <b>End time: </b>06:41:55
                     </div>
                     <div>
                        <b>Duration: </b>1 ms
                        
                     </div>
                  </div>
               </td>
            </tr>
            <tr></tr>
            <tr id="testcases.executeTestThroughTestNg_testLogin_byStatus_passed_PASS6_row"
                class="testMethodStatusPASS">
               <td width="100%" class="firstMethodCell">
                  <a onclick="toggleDetailsVisibility('testcases.executeTestThroughTestNg_testLogin_byStatus_passed_PASS6_details')">testLogin()</a>
               </td>
               <td nowrap="true">06:41:55</td>
               <td nowrap="true" align="right">10s
                  
               </td>
               <td nowrap="true">
                   
                  
               </td>
            </tr>
            <tr>
               <td colspan="4" class="detailsBox">
                  <div id="testcases.executeTestThroughTestNg_testLogin_byStatus_passed_PASS6_details"
                       class="testMethodDetails">
                     <div>
                        <b>Name: </b>testLogin
                     </div>
                     <div>
                        <b>Signature: </b>testLogin()[pri:1, instance:testcases.executeTestThroughTestNg@5702b3b1]
                     </div>
                     <div>
                        <b>Start time: </b>06:41:55
                     </div>
                     <div>
                        <b>End time: </b>06:42:05
                     </div>
                     <div>
                        <b>Duration: </b>10s
                        
                     </div>
                  </div>
               </td>
            </tr>
            <tr></tr>
            <tr id="testcases.executeTestThroughTestNg_generateReport_byStatus_passed_PASS7_row"
                class="testMethodStatusPASS testMethodStatusCONF">
               <td width="100%" class="firstMethodCell">
                  <a onclick="toggleDetailsVisibility('testcases.executeTestThroughTestNg_generateReport_byStatus_passed_PASS7_details')">generateReport([TestResult name=testLogin status=SUCCESS method=executeTestThroughTestNg.testLogin()[pri:1, instance:testcases.executeTestThroughTestNg@5702b3b1]
                     output={null}])
                  </a>
               </td>
               <td nowrap="true">06:42:05</td>
               <td nowrap="true" align="right">133 ms
                  
               </td>
               <td nowrap="true">
                   
                  
               </td>
            </tr>
            <tr>
               <td colspan="4" class="detailsBox">
                  <div id="testcases.executeTestThroughTestNg_generateReport_byStatus_passed_PASS7_details"
                       class="testMethodDetails">
                     <div>
                        <b>Name: </b>generateReport
                     </div>
                     <div>
                        <b>Signature: </b>generateReport(org.testng.ITestResult)[pri:0, instance:testcases.executeTestThroughTestNg@5702b3b1]
                     </div>
                     <div>
                        <b>Parameters: </b>
                        
                        [TestResult name=testLogin status=SUCCESS method=executeTestThroughTestNg.testLogin()[pri:1, instance:testcases.executeTestThroughTestNg@5702b3b1]
                        output={null}]
                        
                        
                     </div>
                     <div>
                        <b>Start time: </b>06:42:05
                     </div>
                     <div>
                        <b>End time: </b>06:42:05
                     </div>
                     <div>
                        <b>Duration: </b>133 ms
                        
                     </div>
                  </div>
               </td>
            </tr>
            <tr></tr>
            <tr id="testcases.executeTestThroughTestNg_testBookATicket_byStatus_passed_PASS8_row"
                class="testMethodStatusPASS">
               <td width="100%" class="firstMethodCell">
                  <a onclick="toggleDetailsVisibility('testcases.executeTestThroughTestNg_testBookATicket_byStatus_passed_PASS8_details')">testBookATicket()</a>
               </td>
               <td nowrap="true">06:42:05</td>
               <td nowrap="true" align="right">7s
                  
               </td>
               <td nowrap="true">
                   
                  
               </td>
            </tr>
            <tr>
               <td colspan="4" class="detailsBox">
                  <div id="testcases.executeTestThroughTestNg_testBookATicket_byStatus_passed_PASS8_details"
                       class="testMethodDetails">
                     <div>
                        <b>Name: </b>testBookATicket
                     </div>
                     <div>
                        <b>Signature: </b>testBookATicket()[pri:2, instance:testcases.executeTestThroughTestNg@5702b3b1]
                     </div>
                     <div>
                        <b>Start time: </b>06:42:05
                     </div>
                     <div>
                        <b>End time: </b>06:42:13
                     </div>
                     <div>
                        <b>Duration: </b>7s
                        
                     </div>
                  </div>
               </td>
            </tr>
            <tr></tr>
            <tr id="testcases.executeTestThroughTestNg_startTestCase_byStatus_passed_PASS9_row"
                class="testMethodStatusPASS testMethodStatusCONF">
               <td width="100%" class="firstMethodCell">
                  <a onclick="toggleDetailsVisibility('testcases.executeTestThroughTestNg_startTestCase_byStatus_passed_PASS9_details')">startTestCase(public void testcases.executeTestThroughTestNg.testBookATicket() throws java.io.IOException)</a>
               </td>
               <td nowrap="true">06:42:05</td>
               <td nowrap="true" align="right">0 ms
                  
               </td>
               <td nowrap="true">
                   
                  
               </td>
            </tr>
            <tr>
               <td colspan="4" class="detailsBox">
                  <div id="testcases.executeTestThroughTestNg_startTestCase_byStatus_passed_PASS9_details"
                       class="testMethodDetails">
                     <div>
                        <b>Name: </b>startTestCase
                     </div>
                     <div>
                        <b>Signature: </b>startTestCase(java.lang.reflect.Method)[pri:0, instance:testcases.executeTestThroughTestNg@5702b3b1]
                     </div>
                     <div>
                        <b>Parameters: </b>
                        
                        public void testcases.executeTestThroughTestNg.testBookATicket() throws java.io.IOException
                        
                        
                     </div>
                     <div>
                        <b>Start time: </b>06:42:05
                     </div>
                     <div>
                        <b>End time: </b>06:42:05
                     </div>
                     <div>
                        <b>Duration: </b>0 ms
                        
                     </div>
                  </div>
               </td>
            </tr>
            <tr></tr>
            <tr id="testcases.executeTestThroughTestNg_generateReport_byStatus_passed_PASS10_row"
                class="testMethodStatusPASS testMethodStatusCONF">
               <td width="100%" class="firstMethodCell">
                  <a onclick="toggleDetailsVisibility('testcases.executeTestThroughTestNg_generateReport_byStatus_passed_PASS10_details')">generateReport([TestResult name=testBookATicket status=SUCCESS method=executeTestThroughTestNg.testBookATicket()[pri:2, instance:testcases.executeTestThroughTestNg@5702b3b1]
                     output={null}])
                  </a>
               </td>
               <td nowrap="true">06:42:13</td>
               <td nowrap="true" align="right">166 ms
                  
               </td>
               <td nowrap="true">
                   
                  
               </td>
            </tr>
            <tr>
               <td colspan="4" class="detailsBox">
                  <div id="testcases.executeTestThroughTestNg_generateReport_byStatus_passed_PASS10_details"
                       class="testMethodDetails">
                     <div>
                        <b>Name: </b>generateReport
                     </div>
                     <div>
                        <b>Signature: </b>generateReport(org.testng.ITestResult)[pri:0, instance:testcases.executeTestThroughTestNg@5702b3b1]
                     </div>
                     <div>
                        <b>Parameters: </b>
                        
                        [TestResult name=testBookATicket status=SUCCESS method=executeTestThroughTestNg.testBookATicket()[pri:2, instance:testcases.executeTestThroughTestNg@5702b3b1]
                        output={null}]
                        
                        
                     </div>
                     <div>
                        <b>Start time: </b>06:42:13
                     </div>
                     <div>
                        <b>End time: </b>06:42:13
                     </div>
                     <div>
                        <b>Duration: </b>166 ms
                        
                     </div>
                  </div>
               </td>
            </tr>
            <tr></tr>
            <tr id="testcases.executeTestThroughTestNg_startTestCase_byStatus_passed_PASS11_row"
                class="testMethodStatusPASS testMethodStatusCONF">
               <td width="100%" class="firstMethodCell">
                  <a onclick="toggleDetailsVisibility('testcases.executeTestThroughTestNg_startTestCase_byStatus_passed_PASS11_details')">startTestCase(public void testcases.executeTestThroughTestNg.testFail())</a>
               </td>
               <td nowrap="true">06:42:13</td>
               <td nowrap="true" align="right">1 ms
                  
               </td>
               <td nowrap="true">
                   
                  
               </td>
            </tr>
            <tr>
               <td colspan="4" class="detailsBox">
                  <div id="testcases.executeTestThroughTestNg_startTestCase_byStatus_passed_PASS11_details"
                       class="testMethodDetails">
                     <div>
                        <b>Name: </b>startTestCase
                     </div>
                     <div>
                        <b>Signature: </b>startTestCase(java.lang.reflect.Method)[pri:0, instance:testcases.executeTestThroughTestNg@5702b3b1]
                     </div>
                     <div>
                        <b>Parameters: </b>
                        
                        public void testcases.executeTestThroughTestNg.testFail()
                        
                        
                     </div>
                     <div>
                        <b>Start time: </b>06:42:13
                     </div>
                     <div>
                        <b>End time: </b>06:42:13
                     </div>
                     <div>
                        <b>Duration: </b>1 ms
                        
                     </div>
                  </div>
               </td>
            </tr>
            <tr></tr>
            <tr id="testcases.executeTestThroughTestNg_generateReport_byStatus_passed_PASS12_row"
                class="testMethodStatusPASS testMethodStatusCONF">
               <td width="100%" class="firstMethodCell">
                  <a onclick="toggleDetailsVisibility('testcases.executeTestThroughTestNg_generateReport_byStatus_passed_PASS12_details')">generateReport([TestResult name=testFail status=FAILURE method=executeTestThroughTestNg.testFail()[pri:3, instance:testcases.executeTestThroughTestNg@5702b3b1]
                     output={null}])
                  </a>
               </td>
               <td nowrap="true">06:42:13</td>
               <td nowrap="true" align="right">147 ms
                  
               </td>
               <td nowrap="true">
                   
                  
               </td>
            </tr>
            <tr>
               <td colspan="4" class="detailsBox">
                  <div id="testcases.executeTestThroughTestNg_generateReport_byStatus_passed_PASS12_details"
                       class="testMethodDetails">
                     <div>
                        <b>Name: </b>generateReport
                     </div>
                     <div>
                        <b>Signature: </b>generateReport(org.testng.ITestResult)[pri:0, instance:testcases.executeTestThroughTestNg@5702b3b1]
                     </div>
                     <div>
                        <b>Parameters: </b>
                        
                        [TestResult name=testFail status=FAILURE method=executeTestThroughTestNg.testFail()[pri:3, instance:testcases.executeTestThroughTestNg@5702b3b1]
                        output={null}]
                        
                        
                     </div>
                     <div>
                        <b>Start time: </b>06:42:13
                     </div>
                     <div>
                        <b>End time: </b>06:42:13
                     </div>
                     <div>
                        <b>Duration: </b>147 ms
                        
                     </div>
                  </div>
               </td>
            </tr>
            <tr></tr>
            <tr id="testcases.executeTestThroughTestNg_startTestCase_byStatus_passed_PASS13_row"
                class="testMethodStatusPASS testMethodStatusCONF">
               <td width="100%" class="firstMethodCell">
                  <a onclick="toggleDetailsVisibility('testcases.executeTestThroughTestNg_startTestCase_byStatus_passed_PASS13_details')">startTestCase(public void testcases.executeTestThroughTestNg.testSKip())</a>
               </td>
               <td nowrap="true">06:42:13</td>
               <td nowrap="true" align="right">1 ms
                  
               </td>
               <td nowrap="true">
                   
                  
               </td>
            </tr>
            <tr>
               <td colspan="4" class="detailsBox">
                  <div id="testcases.executeTestThroughTestNg_startTestCase_byStatus_passed_PASS13_details"
                       class="testMethodDetails">
                     <div>
                        <b>Name: </b>startTestCase
                     </div>
                     <div>
                        <b>Signature: </b>startTestCase(java.lang.reflect.Method)[pri:0, instance:testcases.executeTestThroughTestNg@5702b3b1]
                     </div>
                     <div>
                        <b>Parameters: </b>
                        
                        public void testcases.executeTestThroughTestNg.testSKip()
                        
                        
                     </div>
                     <div>
                        <b>Start time: </b>06:42:13
                     </div>
                     <div>
                        <b>End time: </b>06:42:13
                     </div>
                     <div>
                        <b>Duration: </b>1 ms
                        
                     </div>
                  </div>
               </td>
            </tr>
            <tr></tr>
            <tr id="testcases.executeTestThroughTestNg_generateReport_byStatus_passed_PASS14_row"
                class="testMethodStatusPASS testMethodStatusCONF">
               <td width="100%" class="firstMethodCell">
                  <a onclick="toggleDetailsVisibility('testcases.executeTestThroughTestNg_generateReport_byStatus_passed_PASS14_details')">generateReport([TestResult name=testSKip status=SKIP method=executeTestThroughTestNg.testSKip()[pri:4, instance:testcases.executeTestThroughTestNg@5702b3b1]
                     output={null}])
                  </a>
               </td>
               <td nowrap="true">06:42:13</td>
               <td nowrap="true" align="right">1 ms
                  
               </td>
               <td nowrap="true">
                   
                  
               </td>
            </tr>
            <tr>
               <td colspan="4" class="detailsBox">
                  <div id="testcases.executeTestThroughTestNg_generateReport_byStatus_passed_PASS14_details"
                       class="testMethodDetails">
                     <div>
                        <b>Name: </b>generateReport
                     </div>
                     <div>
                        <b>Signature: </b>generateReport(org.testng.ITestResult)[pri:0, instance:testcases.executeTestThroughTestNg@5702b3b1]
                     </div>
                     <div>
                        <b>Parameters: </b>
                        
                        [TestResult name=testSKip status=SKIP method=executeTestThroughTestNg.testSKip()[pri:4, instance:testcases.executeTestThroughTestNg@5702b3b1]
                        output={null}]
                        
                        
                     </div>
                     <div>
                        <b>Start time: </b>06:42:13
                     </div>
                     <div>
                        <b>End time: </b>06:42:13
                     </div>
                     <div>
                        <b>Duration: </b>1 ms
                        
                     </div>
                  </div>
               </td>
            </tr>
            <tr></tr>
            <tr id="testcases.executeTestThroughTestNg_tearDown_byStatus_passed_PASS15_row"
                class="testMethodStatusPASS testMethodStatusCONF">
               <td width="100%" class="firstMethodCell">
                  <a onclick="toggleDetailsVisibility('testcases.executeTestThroughTestNg_tearDown_byStatus_passed_PASS15_details')">tearDown()</a>
               </td>
               <td nowrap="true">06:42:13</td>
               <td nowrap="true" align="right">448 ms
                  
               </td>
               <td nowrap="true">
                   
                  
               </td>
            </tr>
            <tr>
               <td colspan="4" class="detailsBox">
                  <div id="testcases.executeTestThroughTestNg_tearDown_byStatus_passed_PASS15_details"
                       class="testMethodDetails">
                     <div>
                        <b>Name: </b>tearDown
                     </div>
                     <div>
                        <b>Signature: </b>tearDown()[pri:0, instance:testcases.executeTestThroughTestNg@5702b3b1]
                     </div>
                     <div>
                        <b>Start time: </b>06:42:13
                     </div>
                     <div>
                        <b>End time: </b>06:42:13
                     </div>
                     <div>
                        <b>Duration: </b>448 ms
                        
                     </div>
                  </div>
               </td>
            </tr>
            <tr></tr>
            <tr id="testcases.executeTestThroughTestNg_testSKip_byStatus_skiped_SKIP1_row"
                class="testMethodStatusSKIP">
               <td width="100%" class="firstMethodCell">
                  <a onclick="toggleDetailsVisibility('testcases.executeTestThroughTestNg_testSKip_byStatus_skiped_SKIP1_details')">testSKip()</a>
               </td>
               <td nowrap="true">06:42:13</td>
               <td nowrap="true" align="right">0 ms
                  
               </td>
               <td nowrap="true">
                  <a onclick="toggleDetailsVisibility('testcases.executeTestThroughTestNg_testSKip_byStatus_skiped_SKIP1_exception')">org.testng.SkipException: 
                     This method is not ready to be executed
                     
                  </a>
                   
                  
               </td>
            </tr>
            <tr>
               <td colspan="4" class="detailsBox">
                  <div id="testcases.executeTestThroughTestNg_testSKip_byStatus_skiped_SKIP1_details"
                       class="testMethodDetails">
                     <div>
                        <b>Name: </b>testSKip
                     </div>
                     <div>
                        <b>Signature: </b>testSKip()[pri:4, instance:testcases.executeTestThroughTestNg@5702b3b1]
                     </div>
                     <div>
                        <b>Start time: </b>06:42:13
                     </div>
                     <div>
                        <b>End time: </b>06:42:13
                     </div>
                     <div>
                        <b>Duration: </b>0 ms
                        
                     </div>
                  </div>
               </td>
            </tr>
            <tr>
               <td colspan="4" class="detailsBox">
                  <div id="testcases.executeTestThroughTestNg_testSKip_byStatus_skiped_SKIP1_exception"
                       class="testMethodDetails">
                     <pre style="padding: 5px; margin: 0;">org.testng.SkipException: This method is not ready to be executed
                        at testcases.executeTestThroughTestNg.testSKip(Unknown Source)
                        at sun.reflect.NativeMethodAccessorImpl.invoke0(Native Method)
                        at sun.reflect.NativeMethodAccessorImpl.invoke(Unknown Source)
                        at sun.reflect.DelegatingMethodAccessorImpl.invoke(Unknown Source)
                        at java.lang.reflect.Method.invoke(Unknown Source)
                        at org.testng.internal.MethodInvocationHelper.invokeMethod(MethodInvocationHelper.java:124)
                        at org.testng.internal.Invoker.invokeMethod(Invoker.java:580)
                        at org.testng.internal.Invoker.invokeTestMethod(Invoker.java:716)
                        at org.testng.internal.Invoker.invokeTestMethods(Invoker.java:988)
                        at org.testng.internal.TestMethodWorker.invokeTestMethods(TestMethodWorker.java:125)
                        at org.testng.internal.TestMethodWorker.run(TestMethodWorker.java:109)
                        at org.testng.TestRunner.privateRun(TestRunner.java:648)
                        at org.testng.TestRunner.run(TestRunner.java:505)
                        at org.testng.SuiteRunner.runTest(SuiteRunner.java:455)
                        at org.testng.SuiteRunner.runSequentially(SuiteRunner.java:450)
                        at org.testng.SuiteRunner.privateRun(SuiteRunner.java:415)
                        at org.testng.SuiteRunner.run(SuiteRunner.java:364)
                        at org.testng.SuiteRunnerWorker.runSuite(SuiteRunnerWorker.java:52)
                        at org.testng.SuiteRunnerWorker.run(SuiteRunnerWorker.java:84)
                        at org.testng.TestNG.runSuitesSequentially(TestNG.java:1208)
                        at org.testng.TestNG.runSuitesLocally(TestNG.java:1137)
                        at org.testng.TestNG.runSuites(TestNG.java:1049)
                        at org.testng.TestNG.run(TestNG.java:1017)
                        at org.testng.TestNG.privateMain(TestNG.java:1354)
                        at org.testng.TestNG.main(TestNG.java:1323)
                     </pre>
                  </div>
               </td>
            </tr>
         </table>
      </div>
      <div id="testMethodsByClass">
         <table class="testMethodsTable" cellpadding="0" cellspacing="0">
            <tr>
               <td colspan="4">
                  <h3 style="display: inline;">testcases.executeTestThroughTestNg</h3>
               </td>
            </tr>
            <tr class="methodsTableHeader">
               <td width="100%">Name</td>
               <td nowrap="true">Started</td>
               <td nowrap="true">Duration</td>
               <td>Exception</td>
            </tr>
            <tr id="testcases.executeTestThroughTestNg_setUP_byClass_PASS1_row"
                class="testMethodStatusPASS testMethodStatusCONF">
               <td width="100%" class="firstMethodCell">
                  <a onclick="toggleDetailsVisibility('testcases.executeTestThroughTestNg_setUP_byClass_PASS1_details')">setUP(firefox)</a>
               </td>
               <td nowrap="true">06:41:18</td>
               <td nowrap="true" align="right">31s
                  
               </td>
               <td nowrap="true">
                   
                  
               </td>
            </tr>
            <tr>
               <td colspan="4" class="detailsBox">
                  <div id="testcases.executeTestThroughTestNg_setUP_byClass_PASS1_details"
                       class="testMethodDetails">
                     <div>
                        <b>Name: </b>setUP
                     </div>
                     <div>
                        <b>Signature: </b>setUP(java.lang.String)[pri:0, instance:testcases.executeTestThroughTestNg@5702b3b1]
                     </div>
                     <div>
                        <b>Parameters: </b>
                        
                        firefox
                        
                        
                     </div>
                     <div>
                        <b>Start time: </b>06:41:18
                     </div>
                     <div>
                        <b>End time: </b>06:41:50
                     </div>
                     <div>
                        <b>Duration: </b>31s
                        
                     </div>
                  </div>
               </td>
            </tr>
            <tr></tr>
            <tr id="testcases.executeTestThroughTestNg_testInvokeApplication_byClass_PASS2_row"
                class="testMethodStatusPASS">
               <td width="100%" class="firstMethodCell">
                  <a onclick="toggleDetailsVisibility('testcases.executeTestThroughTestNg_testInvokeApplication_byClass_PASS2_details')">testInvokeApplication()</a>
               </td>
               <td nowrap="true">06:41:50</td>
               <td nowrap="true" align="right">4s
                  
               </td>
               <td nowrap="true">
                   
                  
               </td>
            </tr>
            <tr>
               <td colspan="4" class="detailsBox">
                  <div id="testcases.executeTestThroughTestNg_testInvokeApplication_byClass_PASS2_details"
                       class="testMethodDetails">
                     <div>
                        <b>Name: </b>testInvokeApplication
                     </div>
                     <div>
                        <b>Signature: </b>testInvokeApplication()[pri:0, instance:testcases.executeTestThroughTestNg@5702b3b1]
                     </div>
                     <div>
                        <b>Start time: </b>06:41:50
                     </div>
                     <div>
                        <b>End time: </b>06:41:54
                     </div>
                     <div>
                        <b>Duration: </b>4s
                        
                     </div>
                  </div>
               </td>
            </tr>
            <tr></tr>
            <tr id="testcases.executeTestThroughTestNg_startTestCase_byClass_PASS3_row"
                class="testMethodStatusPASS testMethodStatusCONF">
               <td width="100%" class="firstMethodCell">
                  <a onclick="toggleDetailsVisibility('testcases.executeTestThroughTestNg_startTestCase_byClass_PASS3_details')">startTestCase(public void testcases.executeTestThroughTestNg.testInvokeApplication() throws java.io.IOException)</a>
               </td>
               <td nowrap="true">06:41:50</td>
               <td nowrap="true" align="right">0 ms
                  
               </td>
               <td nowrap="true">
                   
                  
               </td>
            </tr>
            <tr>
               <td colspan="4" class="detailsBox">
                  <div id="testcases.executeTestThroughTestNg_startTestCase_byClass_PASS3_details"
                       class="testMethodDetails">
                     <div>
                        <b>Name: </b>startTestCase
                     </div>
                     <div>
                        <b>Signature: </b>startTestCase(java.lang.reflect.Method)[pri:0, instance:testcases.executeTestThroughTestNg@5702b3b1]
                     </div>
                     <div>
                        <b>Parameters: </b>
                        
                        public void testcases.executeTestThroughTestNg.testInvokeApplication() throws java.io.IOException
                        
                        
                     </div>
                     <div>
                        <b>Start time: </b>06:41:50
                     </div>
                     <div>
                        <b>End time: </b>06:41:50
                     </div>
                     <div>
                        <b>Duration: </b>0 ms
                        
                     </div>
                  </div>
               </td>
            </tr>
            <tr></tr>
            <tr id="testcases.executeTestThroughTestNg_generateReport_byClass_PASS4_row"
                class="testMethodStatusPASS testMethodStatusCONF">
               <td width="100%" class="firstMethodCell">
                  <a onclick="toggleDetailsVisibility('testcases.executeTestThroughTestNg_generateReport_byClass_PASS4_details')">generateReport([TestResult name=testInvokeApplication status=SUCCESS method=executeTestThroughTestNg.testInvokeApplication()[pri:0,
                     instance:testcases.executeTestThroughTestNg@5702b3b1] output={null}])
                  </a>
               </td>
               <td nowrap="true">06:41:54</td>
               <td nowrap="true" align="right">363 ms
                  
               </td>
               <td nowrap="true">
                   
                  
               </td>
            </tr>
            <tr>
               <td colspan="4" class="detailsBox">
                  <div id="testcases.executeTestThroughTestNg_generateReport_byClass_PASS4_details"
                       class="testMethodDetails">
                     <div>
                        <b>Name: </b>generateReport
                     </div>
                     <div>
                        <b>Signature: </b>generateReport(org.testng.ITestResult)[pri:0, instance:testcases.executeTestThroughTestNg@5702b3b1]
                     </div>
                     <div>
                        <b>Parameters: </b>
                        
                        [TestResult name=testInvokeApplication status=SUCCESS method=executeTestThroughTestNg.testInvokeApplication()[pri:0, instance:testcases.executeTestThroughTestNg@5702b3b1]
                        output={null}]
                        
                        
                     </div>
                     <div>
                        <b>Start time: </b>06:41:54
                     </div>
                     <div>
                        <b>End time: </b>06:41:55
                     </div>
                     <div>
                        <b>Duration: </b>363 ms
                        
                     </div>
                  </div>
               </td>
            </tr>
            <tr></tr>
            <tr id="testcases.executeTestThroughTestNg_startTestCase_byClass_PASS5_row"
                class="testMethodStatusPASS testMethodStatusCONF">
               <td width="100%" class="firstMethodCell">
                  <a onclick="toggleDetailsVisibility('testcases.executeTestThroughTestNg_startTestCase_byClass_PASS5_details')">startTestCase(public void testcases.executeTestThroughTestNg.testLogin() throws java.io.IOException)</a>
               </td>
               <td nowrap="true">06:41:55</td>
               <td nowrap="true" align="right">1 ms
                  
               </td>
               <td nowrap="true">
                   
                  
               </td>
            </tr>
            <tr>
               <td colspan="4" class="detailsBox">
                  <div id="testcases.executeTestThroughTestNg_startTestCase_byClass_PASS5_details"
                       class="testMethodDetails">
                     <div>
                        <b>Name: </b>startTestCase
                     </div>
                     <div>
                        <b>Signature: </b>startTestCase(java.lang.reflect.Method)[pri:0, instance:testcases.executeTestThroughTestNg@5702b3b1]
                     </div>
                     <div>
                        <b>Parameters: </b>
                        
                        public void testcases.executeTestThroughTestNg.testLogin() throws java.io.IOException
                        
                        
                     </div>
                     <div>
                        <b>Start time: </b>06:41:55
                     </div>
                     <div>
                        <b>End time: </b>06:41:55
                     </div>
                     <div>
                        <b>Duration: </b>1 ms
                        
                     </div>
                  </div>
               </td>
            </tr>
            <tr></tr>
            <tr id="testcases.executeTestThroughTestNg_testLogin_byClass_PASS6_row"
                class="testMethodStatusPASS">
               <td width="100%" class="firstMethodCell">
                  <a onclick="toggleDetailsVisibility('testcases.executeTestThroughTestNg_testLogin_byClass_PASS6_details')">testLogin()</a>
               </td>
               <td nowrap="true">06:41:55</td>
               <td nowrap="true" align="right">10s
                  
               </td>
               <td nowrap="true">
                   
                  
               </td>
            </tr>
            <tr>
               <td colspan="4" class="detailsBox">
                  <div id="testcases.executeTestThroughTestNg_testLogin_byClass_PASS6_details"
                       class="testMethodDetails">
                     <div>
                        <b>Name: </b>testLogin
                     </div>
                     <div>
                        <b>Signature: </b>testLogin()[pri:1, instance:testcases.executeTestThroughTestNg@5702b3b1]
                     </div>
                     <div>
                        <b>Start time: </b>06:41:55
                     </div>
                     <div>
                        <b>End time: </b>06:42:05
                     </div>
                     <div>
                        <b>Duration: </b>10s
                        
                     </div>
                  </div>
               </td>
            </tr>
            <tr></tr>
            <tr id="testcases.executeTestThroughTestNg_generateReport_byClass_PASS7_row"
                class="testMethodStatusPASS testMethodStatusCONF">
               <td width="100%" class="firstMethodCell">
                  <a onclick="toggleDetailsVisibility('testcases.executeTestThroughTestNg_generateReport_byClass_PASS7_details')">generateReport([TestResult name=testLogin status=SUCCESS method=executeTestThroughTestNg.testLogin()[pri:1, instance:testcases.executeTestThroughTestNg@5702b3b1]
                     output={null}])
                  </a>
               </td>
               <td nowrap="true">06:42:05</td>
               <td nowrap="true" align="right">133 ms
                  
               </td>
               <td nowrap="true">
                   
                  
               </td>
            </tr>
            <tr>
               <td colspan="4" class="detailsBox">
                  <div id="testcases.executeTestThroughTestNg_generateReport_byClass_PASS7_details"
                       class="testMethodDetails">
                     <div>
                        <b>Name: </b>generateReport
                     </div>
                     <div>
                        <b>Signature: </b>generateReport(org.testng.ITestResult)[pri:0, instance:testcases.executeTestThroughTestNg@5702b3b1]
                     </div>
                     <div>
                        <b>Parameters: </b>
                        
                        [TestResult name=testLogin status=SUCCESS method=executeTestThroughTestNg.testLogin()[pri:1, instance:testcases.executeTestThroughTestNg@5702b3b1]
                        output={null}]
                        
                        
                     </div>
                     <div>
                        <b>Start time: </b>06:42:05
                     </div>
                     <div>
                        <b>End time: </b>06:42:05
                     </div>
                     <div>
                        <b>Duration: </b>133 ms
                        
                     </div>
                  </div>
               </td>
            </tr>
            <tr></tr>
            <tr id="testcases.executeTestThroughTestNg_testBookATicket_byClass_PASS8_row"
                class="testMethodStatusPASS">
               <td width="100%" class="firstMethodCell">
                  <a onclick="toggleDetailsVisibility('testcases.executeTestThroughTestNg_testBookATicket_byClass_PASS8_details')">testBookATicket()</a>
               </td>
               <td nowrap="true">06:42:05</td>
               <td nowrap="true" align="right">7s
                  
               </td>
               <td nowrap="true">
                   
                  
               </td>
            </tr>
            <tr>
               <td colspan="4" class="detailsBox">
                  <div id="testcases.executeTestThroughTestNg_testBookATicket_byClass_PASS8_details"
                       class="testMethodDetails">
                     <div>
                        <b>Name: </b>testBookATicket
                     </div>
                     <div>
                        <b>Signature: </b>testBookATicket()[pri:2, instance:testcases.executeTestThroughTestNg@5702b3b1]
                     </div>
                     <div>
                        <b>Start time: </b>06:42:05
                     </div>
                     <div>
                        <b>End time: </b>06:42:13
                     </div>
                     <div>
                        <b>Duration: </b>7s
                        
                     </div>
                  </div>
               </td>
            </tr>
            <tr></tr>
            <tr id="testcases.executeTestThroughTestNg_startTestCase_byClass_PASS9_row"
                class="testMethodStatusPASS testMethodStatusCONF">
               <td width="100%" class="firstMethodCell">
                  <a onclick="toggleDetailsVisibility('testcases.executeTestThroughTestNg_startTestCase_byClass_PASS9_details')">startTestCase(public void testcases.executeTestThroughTestNg.testBookATicket() throws java.io.IOException)</a>
               </td>
               <td nowrap="true">06:42:05</td>
               <td nowrap="true" align="right">0 ms
                  
               </td>
               <td nowrap="true">
                   
                  
               </td>
            </tr>
            <tr>
               <td colspan="4" class="detailsBox">
                  <div id="testcases.executeTestThroughTestNg_startTestCase_byClass_PASS9_details"
                       class="testMethodDetails">
                     <div>
                        <b>Name: </b>startTestCase
                     </div>
                     <div>
                        <b>Signature: </b>startTestCase(java.lang.reflect.Method)[pri:0, instance:testcases.executeTestThroughTestNg@5702b3b1]
                     </div>
                     <div>
                        <b>Parameters: </b>
                        
                        public void testcases.executeTestThroughTestNg.testBookATicket() throws java.io.IOException
                        
                        
                     </div>
                     <div>
                        <b>Start time: </b>06:42:05
                     </div>
                     <div>
                        <b>End time: </b>06:42:05
                     </div>
                     <div>
                        <b>Duration: </b>0 ms
                        
                     </div>
                  </div>
               </td>
            </tr>
            <tr></tr>
            <tr id="testcases.executeTestThroughTestNg_generateReport_byClass_PASS10_row"
                class="testMethodStatusPASS testMethodStatusCONF">
               <td width="100%" class="firstMethodCell">
                  <a onclick="toggleDetailsVisibility('testcases.executeTestThroughTestNg_generateReport_byClass_PASS10_details')">generateReport([TestResult name=testBookATicket status=SUCCESS method=executeTestThroughTestNg.testBookATicket()[pri:2, instance:testcases.executeTestThroughTestNg@5702b3b1]
                     output={null}])
                  </a>
               </td>
               <td nowrap="true">06:42:13</td>
               <td nowrap="true" align="right">166 ms
                  
               </td>
               <td nowrap="true">
                   
                  
               </td>
            </tr>
            <tr>
               <td colspan="4" class="detailsBox">
                  <div id="testcases.executeTestThroughTestNg_generateReport_byClass_PASS10_details"
                       class="testMethodDetails">
                     <div>
                        <b>Name: </b>generateReport
                     </div>
                     <div>
                        <b>Signature: </b>generateReport(org.testng.ITestResult)[pri:0, instance:testcases.executeTestThroughTestNg@5702b3b1]
                     </div>
                     <div>
                        <b>Parameters: </b>
                        
                        [TestResult name=testBookATicket status=SUCCESS method=executeTestThroughTestNg.testBookATicket()[pri:2, instance:testcases.executeTestThroughTestNg@5702b3b1]
                        output={null}]
                        
                        
                     </div>
                     <div>
                        <b>Start time: </b>06:42:13
                     </div>
                     <div>
                        <b>End time: </b>06:42:13
                     </div>
                     <div>
                        <b>Duration: </b>166 ms
                        
                     </div>
                  </div>
               </td>
            </tr>
            <tr></tr>
            <tr id="testcases.executeTestThroughTestNg_startTestCase_byClass_PASS11_row"
                class="testMethodStatusPASS testMethodStatusCONF">
               <td width="100%" class="firstMethodCell">
                  <a onclick="toggleDetailsVisibility('testcases.executeTestThroughTestNg_startTestCase_byClass_PASS11_details')">startTestCase(public void testcases.executeTestThroughTestNg.testFail())</a>
               </td>
               <td nowrap="true">06:42:13</td>
               <td nowrap="true" align="right">1 ms
                  
               </td>
               <td nowrap="true">
                   
                  
               </td>
            </tr>
            <tr>
               <td colspan="4" class="detailsBox">
                  <div id="testcases.executeTestThroughTestNg_startTestCase_byClass_PASS11_details"
                       class="testMethodDetails">
                     <div>
                        <b>Name: </b>startTestCase
                     </div>
                     <div>
                        <b>Signature: </b>startTestCase(java.lang.reflect.Method)[pri:0, instance:testcases.executeTestThroughTestNg@5702b3b1]
                     </div>
                     <div>
                        <b>Parameters: </b>
                        
                        public void testcases.executeTestThroughTestNg.testFail()
                        
                        
                     </div>
                     <div>
                        <b>Start time: </b>06:42:13
                     </div>
                     <div>
                        <b>End time: </b>06:42:13
                     </div>
                     <div>
                        <b>Duration: </b>1 ms
                        
                     </div>
                  </div>
               </td>
            </tr>
            <tr></tr>
            <tr id="testcases.executeTestThroughTestNg_generateReport_byClass_PASS12_row"
                class="testMethodStatusPASS testMethodStatusCONF">
               <td width="100%" class="firstMethodCell">
                  <a onclick="toggleDetailsVisibility('testcases.executeTestThroughTestNg_generateReport_byClass_PASS12_details')">generateReport([TestResult name=testFail status=FAILURE method=executeTestThroughTestNg.testFail()[pri:3, instance:testcases.executeTestThroughTestNg@5702b3b1]
                     output={null}])
                  </a>
               </td>
               <td nowrap="true">06:42:13</td>
               <td nowrap="true" align="right">147 ms
                  
               </td>
               <td nowrap="true">
                   
                  
               </td>
            </tr>
            <tr>
               <td colspan="4" class="detailsBox">
                  <div id="testcases.executeTestThroughTestNg_generateReport_byClass_PASS12_details"
                       class="testMethodDetails">
                     <div>
                        <b>Name: </b>generateReport
                     </div>
                     <div>
                        <b>Signature: </b>generateReport(org.testng.ITestResult)[pri:0, instance:testcases.executeTestThroughTestNg@5702b3b1]
                     </div>
                     <div>
                        <b>Parameters: </b>
                        
                        [TestResult name=testFail status=FAILURE method=executeTestThroughTestNg.testFail()[pri:3, instance:testcases.executeTestThroughTestNg@5702b3b1]
                        output={null}]
                        
                        
                     </div>
                     <div>
                        <b>Start time: </b>06:42:13
                     </div>
                     <div>
                        <b>End time: </b>06:42:13
                     </div>
                     <div>
                        <b>Duration: </b>147 ms
                        
                     </div>
                  </div>
               </td>
            </tr>
            <tr></tr>
            <tr id="testcases.executeTestThroughTestNg_testFail_byClass_FAIL13_row"
                class="testMethodStatusFAIL">
               <td width="100%" class="firstMethodCell">
                  <a onclick="toggleDetailsVisibility('testcases.executeTestThroughTestNg_testFail_byClass_FAIL13_details')">testFail()</a>
               </td>
               <td nowrap="true">06:42:13</td>
               <td nowrap="true" align="right">0 ms
                  
               </td>
               <td nowrap="true">
                  <a onclick="toggleDetailsVisibility('testcases.executeTestThroughTestNg_testFail_byClass_FAIL13_exception')">java.lang.AssertionError: </a>
                   
                  
               </td>
            </tr>
            <tr>
               <td colspan="4" class="detailsBox">
                  <div id="testcases.executeTestThroughTestNg_testFail_byClass_FAIL13_details"
                       class="testMethodDetails">
                     <div>
                        <b>Name: </b>testFail
                     </div>
                     <div>
                        <b>Signature: </b>testFail()[pri:3, instance:testcases.executeTestThroughTestNg@5702b3b1]
                     </div>
                     <div>
                        <b>Start time: </b>06:42:13
                     </div>
                     <div>
                        <b>End time: </b>06:42:13
                     </div>
                     <div>
                        <b>Duration: </b>0 ms
                        
                     </div>
                  </div>
               </td>
            </tr>
            <tr>
               <td colspan="4" class="detailsBox">
                  <div id="testcases.executeTestThroughTestNg_testFail_byClass_FAIL13_exception"
                       class="testMethodDetails">
                     <pre style="padding: 5px; margin: 0;">java.lang.AssertionError
                        at org.junit.Assert.fail(Assert.java:86)
                        at org.junit.Assert.assertTrue(Assert.java:41)
                        at org.junit.Assert.assertTrue(Assert.java:52)
                        at testcases.executeTestThroughTestNg.testFail(Unknown Source)
                        at sun.reflect.NativeMethodAccessorImpl.invoke0(Native Method)
                        at sun.reflect.NativeMethodAccessorImpl.invoke(Unknown Source)
                        at sun.reflect.DelegatingMethodAccessorImpl.invoke(Unknown Source)
                        at java.lang.reflect.Method.invoke(Unknown Source)
                        at org.testng.internal.MethodInvocationHelper.invokeMethod(MethodInvocationHelper.java:124)
                        at org.testng.internal.Invoker.invokeMethod(Invoker.java:580)
                        at org.testng.internal.Invoker.invokeTestMethod(Invoker.java:716)
                        at org.testng.internal.Invoker.invokeTestMethods(Invoker.java:988)
                        at org.testng.internal.TestMethodWorker.invokeTestMethods(TestMethodWorker.java:125)
                        at org.testng.internal.TestMethodWorker.run(TestMethodWorker.java:109)
                        at org.testng.TestRunner.privateRun(TestRunner.java:648)
                        at org.testng.TestRunner.run(TestRunner.java:505)
                        at org.testng.SuiteRunner.runTest(SuiteRunner.java:455)
                        at org.testng.SuiteRunner.runSequentially(SuiteRunner.java:450)
                        at org.testng.SuiteRunner.privateRun(SuiteRunner.java:415)
                        at org.testng.SuiteRunner.run(SuiteRunner.java:364)
                        at org.testng.SuiteRunnerWorker.runSuite(SuiteRunnerWorker.java:52)
                        at org.testng.SuiteRunnerWorker.run(SuiteRunnerWorker.java:84)
                        at org.testng.TestNG.runSuitesSequentially(TestNG.java:1208)
                        at org.testng.TestNG.runSuitesLocally(TestNG.java:1137)
                        at org.testng.TestNG.runSuites(TestNG.java:1049)
                        at org.testng.TestNG.run(TestNG.java:1017)
                        at org.testng.TestNG.privateMain(TestNG.java:1354)
                        at org.testng.TestNG.main(TestNG.java:1323)
                     </pre>
                  </div>
               </td>
            </tr>
            <tr id="testcases.executeTestThroughTestNg_startTestCase_byClass_PASS14_row"
                class="testMethodStatusPASS testMethodStatusCONF">
               <td width="100%" class="firstMethodCell">
                  <a onclick="toggleDetailsVisibility('testcases.executeTestThroughTestNg_startTestCase_byClass_PASS14_details')">startTestCase(public void testcases.executeTestThroughTestNg.testSKip())</a>
               </td>
               <td nowrap="true">06:42:13</td>
               <td nowrap="true" align="right">1 ms
                  
               </td>
               <td nowrap="true">
                   
                  
               </td>
            </tr>
            <tr>
               <td colspan="4" class="detailsBox">
                  <div id="testcases.executeTestThroughTestNg_startTestCase_byClass_PASS14_details"
                       class="testMethodDetails">
                     <div>
                        <b>Name: </b>startTestCase
                     </div>
                     <div>
                        <b>Signature: </b>startTestCase(java.lang.reflect.Method)[pri:0, instance:testcases.executeTestThroughTestNg@5702b3b1]
                     </div>
                     <div>
                        <b>Parameters: </b>
                        
                        public void testcases.executeTestThroughTestNg.testSKip()
                        
                        
                     </div>
                     <div>
                        <b>Start time: </b>06:42:13
                     </div>
                     <div>
                        <b>End time: </b>06:42:13
                     </div>
                     <div>
                        <b>Duration: </b>1 ms
                        
                     </div>
                  </div>
               </td>
            </tr>
            <tr></tr>
            <tr id="testcases.executeTestThroughTestNg_generateReport_byClass_PASS15_row"
                class="testMethodStatusPASS testMethodStatusCONF">
               <td width="100%" class="firstMethodCell">
                  <a onclick="toggleDetailsVisibility('testcases.executeTestThroughTestNg_generateReport_byClass_PASS15_details')">generateReport([TestResult name=testSKip status=SKIP method=executeTestThroughTestNg.testSKip()[pri:4, instance:testcases.executeTestThroughTestNg@5702b3b1]
                     output={null}])
                  </a>
               </td>
               <td nowrap="true">06:42:13</td>
               <td nowrap="true" align="right">1 ms
                  
               </td>
               <td nowrap="true">
                   
                  
               </td>
            </tr>
            <tr>
               <td colspan="4" class="detailsBox">
                  <div id="testcases.executeTestThroughTestNg_generateReport_byClass_PASS15_details"
                       class="testMethodDetails">
                     <div>
                        <b>Name: </b>generateReport
                     </div>
                     <div>
                        <b>Signature: </b>generateReport(org.testng.ITestResult)[pri:0, instance:testcases.executeTestThroughTestNg@5702b3b1]
                     </div>
                     <div>
                        <b>Parameters: </b>
                        
                        [TestResult name=testSKip status=SKIP method=executeTestThroughTestNg.testSKip()[pri:4, instance:testcases.executeTestThroughTestNg@5702b3b1]
                        output={null}]
                        
                        
                     </div>
                     <div>
                        <b>Start time: </b>06:42:13
                     </div>
                     <div>
                        <b>End time: </b>06:42:13
                     </div>
                     <div>
                        <b>Duration: </b>1 ms
                        
                     </div>
                  </div>
               </td>
            </tr>
            <tr></tr>
            <tr id="testcases.executeTestThroughTestNg_testSKip_byClass_SKIP16_row"
                class="testMethodStatusSKIP">
               <td width="100%" class="firstMethodCell">
                  <a onclick="toggleDetailsVisibility('testcases.executeTestThroughTestNg_testSKip_byClass_SKIP16_details')">testSKip()</a>
               </td>
               <td nowrap="true">06:42:13</td>
               <td nowrap="true" align="right">0 ms
                  
               </td>
               <td nowrap="true">
                  <a onclick="toggleDetailsVisibility('testcases.executeTestThroughTestNg_testSKip_byClass_SKIP16_exception')">org.testng.SkipException: 
                     This method is not ready to be executed
                     
                  </a>
                   
                  
               </td>
            </tr>
            <tr>
               <td colspan="4" class="detailsBox">
                  <div id="testcases.executeTestThroughTestNg_testSKip_byClass_SKIP16_details"
                       class="testMethodDetails">
                     <div>
                        <b>Name: </b>testSKip
                     </div>
                     <div>
                        <b>Signature: </b>testSKip()[pri:4, instance:testcases.executeTestThroughTestNg@5702b3b1]
                     </div>
                     <div>
                        <b>Start time: </b>06:42:13
                     </div>
                     <div>
                        <b>End time: </b>06:42:13
                     </div>
                     <div>
                        <b>Duration: </b>0 ms
                        
                     </div>
                  </div>
               </td>
            </tr>
            <tr>
               <td colspan="4" class="detailsBox">
                  <div id="testcases.executeTestThroughTestNg_testSKip_byClass_SKIP16_exception"
                       class="testMethodDetails">
                     <pre style="padding: 5px; margin: 0;">org.testng.SkipException: This method is not ready to be executed
                        at testcases.executeTestThroughTestNg.testSKip(Unknown Source)
                        at sun.reflect.NativeMethodAccessorImpl.invoke0(Native Method)
                        at sun.reflect.NativeMethodAccessorImpl.invoke(Unknown Source)
                        at sun.reflect.DelegatingMethodAccessorImpl.invoke(Unknown Source)
                        at java.lang.reflect.Method.invoke(Unknown Source)
                        at org.testng.internal.MethodInvocationHelper.invokeMethod(MethodInvocationHelper.java:124)
                        at org.testng.internal.Invoker.invokeMethod(Invoker.java:580)
                        at org.testng.internal.Invoker.invokeTestMethod(Invoker.java:716)
                        at org.testng.internal.Invoker.invokeTestMethods(Invoker.java:988)
                        at org.testng.internal.TestMethodWorker.invokeTestMethods(TestMethodWorker.java:125)
                        at org.testng.internal.TestMethodWorker.run(TestMethodWorker.java:109)
                        at org.testng.TestRunner.privateRun(TestRunner.java:648)
                        at org.testng.TestRunner.run(TestRunner.java:505)
                        at org.testng.SuiteRunner.runTest(SuiteRunner.java:455)
                        at org.testng.SuiteRunner.runSequentially(SuiteRunner.java:450)
                        at org.testng.SuiteRunner.privateRun(SuiteRunner.java:415)
                        at org.testng.SuiteRunner.run(SuiteRunner.java:364)
                        at org.testng.SuiteRunnerWorker.runSuite(SuiteRunnerWorker.java:52)
                        at org.testng.SuiteRunnerWorker.run(SuiteRunnerWorker.java:84)
                        at org.testng.TestNG.runSuitesSequentially(TestNG.java:1208)
                        at org.testng.TestNG.runSuitesLocally(TestNG.java:1137)
                        at org.testng.TestNG.runSuites(TestNG.java:1049)
                        at org.testng.TestNG.run(TestNG.java:1017)
                        at org.testng.TestNG.privateMain(TestNG.java:1354)
                        at org.testng.TestNG.main(TestNG.java:1323)
                     </pre>
                  </div>
               </td>
            </tr>
            <tr id="testcases.executeTestThroughTestNg_tearDown_byClass_PASS17_row"
                class="testMethodStatusPASS testMethodStatusCONF">
               <td width="100%" class="firstMethodCell">
                  <a onclick="toggleDetailsVisibility('testcases.executeTestThroughTestNg_tearDown_byClass_PASS17_details')">tearDown()</a>
               </td>
               <td nowrap="true">06:42:13</td>
               <td nowrap="true" align="right">448 ms
                  
               </td>
               <td nowrap="true">
                   
                  
               </td>
            </tr>
            <tr>
               <td colspan="4" class="detailsBox">
                  <div id="testcases.executeTestThroughTestNg_tearDown_byClass_PASS17_details"
                       class="testMethodDetails">
                     <div>
                        <b>Name: </b>tearDown
                     </div>
                     <div>
                        <b>Signature: </b>tearDown()[pri:0, instance:testcases.executeTestThroughTestNg@5702b3b1]
                     </div>
                     <div>
                        <b>Start time: </b>06:42:13
                     </div>
                     <div>
                        <b>End time: </b>06:42:13
                     </div>
                     <div>
                        <b>Duration: </b>448 ms
                        
                     </div>
                  </div>
               </td>
            </tr>
            <tr></tr>
         </table>
         <br></br>
      </div>
      <div style="margin-top: 15px; color: gray; text-align: center; font-size: 9px;">
         Generated with
         
         <a href="http://code.google.com/p/testng-xslt/" style="color: #8888aa;"
            target="_blank">
            TestNG XSLT
            
         </a>
      </div>
   </body>
</html>