<?xml version="1.0" encoding="UTF-8"?>
<!-- Generated by org.testng.reporters.JUnitXMLReporter -->
<testsuite hostname="LAPTOP-F1M00SRG" ignored="0" name="chromeTest" tests="5" failures="1" timestamp="29 Oct 2018 07:06:09 GMT" time="207.094" errors="0">
  <testcase name="testInvokeApplication" time="8.98" classname="testcases.executeTestThroughTestNg"/>
  <testcase name="testLogin" time="179.951" classname="testcases.executeTestThroughTestNg"/>
  <testcase name="testBookATicket" time="6.055" classname="testcases.executeTestThroughTestNg"/>
  <testcase name="testFail" time="0.004" classname="testcases.executeTestThroughTestNg">
    <failure type="java.lang.AssertionError">
      <![CDATA[java.lang.AssertionError
at org.junit.Assert.fail(Assert.java:86)
at org.junit.Assert.assertTrue(Assert.java:41)
at org.junit.Assert.assertTrue(Assert.java:52)
at testcases.executeTestThroughTestNg.testFail(executeTestThroughTestNg.java:180)
... Removed 24 stack frames]]>
    </failure>
  </testcase> <!-- testFail -->
  <testcase name="testSKip" time="0.0" classname="testcases.executeTestThroughTestNg">
    <skipped/>
  </testcase> <!-- testSKip -->
</testsuite> <!-- chromeTest -->
