<?xml version="1.0" encoding="UTF-8"?>
<!-- Generated by org.testng.reporters.JUnitXMLReporter -->
<testsuite hostname="LAPTOP-F1M00SRG" ignored="0" name="firefoxTest" tests="5" failures="3" timestamp="29 Oct 2018 07:12:01 GMT" time="351.567" errors="0">
  <testcase name="testInvokeApplication" time="2.91" classname="testcases.executeTestThroughTestNg"/>
  <testcase name="testLogin" time="6.928" classname="testcases.executeTestThroughTestNg">
    <failure type="java.lang.AssertionError" message="expected [true] but found [false]">
      <![CDATA[java.lang.AssertionError: expected [true] but found [false]
at operation.UIOperation.assertPageTitle(UIOperation.java:38)
at testcases.executeTestThroughTestNg.testLogin(executeTestThroughTestNg.java:132)
... Removed 28 stack frames]]>
    </failure>
  </testcase> <!-- testLogin -->
  <testcase name="testBookATicket" time="330.838" classname="testcases.executeTestThroughTestNg">
    <failure type="java.lang.AssertionError" message="expected [true] but found [false]">
      <![CDATA[java.lang.AssertionError: expected [true] but found [false]
at operation.UIOperation.verifyTextOnWebPage(UIOperation.java:101)
at testcases.executeTestThroughTestNg.testBookATicket(executeTestThroughTestNg.java:171)
... Removed 28 stack frames]]>
    </failure>
  </testcase> <!-- testBookATicket -->
  <testcase name="testFail" time="0.0" classname="testcases.executeTestThroughTestNg">
    <failure type="java.lang.AssertionError">
      <![CDATA[java.lang.AssertionError
at org.junit.Assert.fail(Assert.java:86)
at org.junit.Assert.assertTrue(Assert.java:41)
at org.junit.Assert.assertTrue(Assert.java:52)
at testcases.executeTestThroughTestNg.testFail(executeTestThroughTestNg.java:180)
... Removed 24 stack frames]]>
    </failure>
  </testcase> <!-- testFail -->
  <testcase name="testSKip" time="0.0" classname="testcases.executeTestThroughTestNg">
    <skipped/>
  </testcase> <!-- testSKip -->
</testsuite> <!-- firefoxTest -->
