<!DOCTYPE html PUBLIC "-//W3C//DTD XHTML 1.1//EN" "http://www.w3.org/TR/xhtml11/DTD/xhtml11.dtd">
<html xmlns="http://www.w3.org/1999/xhtml">
<head>
<meta http-equiv="content-type" content="text/html; charset=UTF-8"/>
<title>TestNG Report</title>
<style type="text/css">table {margin-bottom:10px;border-collapse:collapse;empty-cells:show}th,td {border:1px solid #009;padding:.25em .5em}th {vertical-align:bottom}td {vertical-align:top}table a {font-weight:bold}.stripe td {background-color: #E6EBF9}.num {text-align:right}.passedodd td {background-color: #3F3}.passedeven td {background-color: #0A0}.skippedodd td {background-color: #DDD}.skippedeven td {background-color: #CCC}.failedodd td,.attn {background-color: #F33}.failedeven td,.stripe .attn {background-color: #D00}.stacktrace {white-space:pre;font-family:monospace}.totop {font-size:85%;text-align:center;border-bottom:2px solid #000}.invisible {display:none}</style>
</head>
<body>
<table>
<tr><th>Test</th><th># Passed</th><th># Skipped</th><th># Failed</th><th>Time (ms)</th><th>Included Groups</th><th>Excluded Groups</th></tr>
<tr><th colspan="7">Suite</th></tr>
<tr><td><a href="#t0">chromeTest</a></td><td class="num">3</td><td class="num attn">1</td><td class="num attn">1</td><td class="num">207,094</td><td></td><td></td></tr>
<tr class="stripe"><td><a href="#t1">firefoxTest</a></td><td class="num">1</td><td class="num attn">1</td><td class="num attn">3</td><td class="num">351,567</td><td></td><td></td></tr>
<tr><th>Total</th><th class="num">4</th><th class="num attn">2</th><th class="num attn">4</th><th class="num">558,661</th><th colspan="2"></th></tr>
</table>
<table id='summary'><thead><tr><th>Class</th><th>Method</th><th>Start</th><th>Time (ms)</th></tr></thead><tbody><tr><th colspan="4">Suite</th></tr></tbody><tbody id="t0"><tr><th colspan="4">chromeTest &#8212; failed</th></tr><tr class="failedeven"><td rowspan="1">testcases.executeTestThroughTestNg</td><td><a href="#m0">testFail</a></td><td rowspan="1">1540796767821</td><td rowspan="1">4</td></tr><tr><th colspan="4">chromeTest &#8212; skipped</th></tr><tr class="skippedeven"><td rowspan="1">testcases.executeTestThroughTestNg</td><td><a href="#m1">testSKip</a></td><td rowspan="1">1540796768186</td><td rowspan="1">0</td></tr><tr><th colspan="4">chromeTest &#8212; passed</th></tr><tr class="passedeven"><td rowspan="3">testcases.executeTestThroughTestNg</td><td><a href="#m2">testBookATicket</a></td><td rowspan="1">1540796761405</td><td rowspan="1">6055</td></tr><tr class="passedeven"><td><a href="#m3">testInvokeApplication</a></td><td rowspan="1">1540796570868</td><td rowspan="1">8980</td></tr><tr class="passedeven"><td><a href="#m4">testLogin</a></td><td rowspan="1">1540796581106</td><td rowspan="1">179951</td></tr></tbody>
<tbody id="t1"><tr><th colspan="4">firefoxTest &#8212; failed</th></tr><tr class="failedeven"><td rowspan="3">testcases.executeTestThroughTestNg</td><td><a href="#m5">testBookATicket</a></td><td rowspan="1">1540796789562</td><td rowspan="1">330838</td></tr><tr class="failedeven"><td><a href="#m6">testFail</a></td><td rowspan="1">1540797120572</td><td rowspan="1">0</td></tr><tr class="failedeven"><td><a href="#m7">testLogin</a></td><td rowspan="1">1540796782505</td><td rowspan="1">6928</td></tr><tr><th colspan="4">firefoxTest &#8212; skipped</th></tr><tr class="skippedeven"><td rowspan="1">testcases.executeTestThroughTestNg</td><td><a href="#m8">testSKip</a></td><td rowspan="1">1540797120681</td><td rowspan="1">0</td></tr><tr><th colspan="4">firefoxTest &#8212; passed</th></tr><tr class="passedeven"><td rowspan="1">testcases.executeTestThroughTestNg</td><td><a href="#m9">testInvokeApplication</a></td><td rowspan="1">1540796779439</td><td rowspan="1">2910</td></tr></tbody>
</table>
<h2>chromeTest</h2><h3 id="m0">testcases.executeTestThroughTestNg#testFail</h3><table class="result"><tr><th>Exception</th></tr><tr><td><div class="stacktrace">java.lang.AssertionError
	at org.junit.Assert.fail(Assert.java:86)
	at org.junit.Assert.assertTrue(Assert.java:41)
	at org.junit.Assert.assertTrue(Assert.java:52)
	at testcases.executeTestThroughTestNg.testFail(executeTestThroughTestNg.java:180)
... Removed 24 stack frames</div></td></tr></table><p class="totop"><a href="#summary">back to summary</a></p>
<h3 id="m1">testcases.executeTestThroughTestNg#testSKip</h3><table class="result"><tr><th>Exception</th></tr><tr><td><div class="stacktrace">org.testng.SkipException: This method is not ready to be executed
	at testcases.executeTestThroughTestNg.testSKip(executeTestThroughTestNg.java:186)
... Removed 24 stack frames</div></td></tr></table><p class="totop"><a href="#summary">back to summary</a></p>
<h3 id="m2">testcases.executeTestThroughTestNg#testBookATicket</h3><table class="result"><tr><th class="invisible"/></tr></table><p class="totop"><a href="#summary">back to summary</a></p>
<h3 id="m3">testcases.executeTestThroughTestNg#testInvokeApplication</h3><table class="result"><tr><th class="invisible"/></tr></table><p class="totop"><a href="#summary">back to summary</a></p>
<h3 id="m4">testcases.executeTestThroughTestNg#testLogin</h3><table class="result"><tr><th class="invisible"/></tr></table><p class="totop"><a href="#summary">back to summary</a></p>
<h2>firefoxTest</h2><h3 id="m5">testcases.executeTestThroughTestNg#testBookATicket</h3><table class="result"><tr><th>Exception</th></tr><tr><td><div class="stacktrace">java.lang.AssertionError: expected [true] but found [false]
	at operation.UIOperation.verifyTextOnWebPage(UIOperation.java:101)
	at testcases.executeTestThroughTestNg.testBookATicket(executeTestThroughTestNg.java:171)
... Removed 28 stack frames</div></td></tr></table><p class="totop"><a href="#summary">back to summary</a></p>
<h3 id="m6">testcases.executeTestThroughTestNg#testFail</h3><table class="result"><tr><th>Exception</th></tr><tr><td><div class="stacktrace">java.lang.AssertionError
	at org.junit.Assert.fail(Assert.java:86)
	at org.junit.Assert.assertTrue(Assert.java:41)
	at org.junit.Assert.assertTrue(Assert.java:52)
	at testcases.executeTestThroughTestNg.testFail(executeTestThroughTestNg.java:180)
... Removed 24 stack frames</div></td></tr></table><p class="totop"><a href="#summary">back to summary</a></p>
<h3 id="m7">testcases.executeTestThroughTestNg#testLogin</h3><table class="result"><tr><th>Exception</th></tr><tr><td><div class="stacktrace">java.lang.AssertionError: expected [true] but found [false]
	at operation.UIOperation.assertPageTitle(UIOperation.java:38)
	at testcases.executeTestThroughTestNg.testLogin(executeTestThroughTestNg.java:132)
... Removed 28 stack frames</div></td></tr></table><p class="totop"><a href="#summary">back to summary</a></p>
<h3 id="m8">testcases.executeTestThroughTestNg#testSKip</h3><table class="result"><tr><th>Exception</th></tr><tr><td><div class="stacktrace">org.testng.SkipException: This method is not ready to be executed
	at testcases.executeTestThroughTestNg.testSKip(executeTestThroughTestNg.java:186)
... Removed 24 stack frames</div></td></tr></table><p class="totop"><a href="#summary">back to summary</a></p>
<h3 id="m9">testcases.executeTestThroughTestNg#testInvokeApplication</h3><table class="result"><tr><th class="invisible"/></tr></table><p class="totop"><a href="#summary">back to summary</a></p>
</body>
</html>
